2025-04-10 08:15:23.456 INFO    System startup initiated
2025-04-10 08:15:24.789 DEBUG   Database connection established
2025-04-10 08:15:25.123 INFO    User login: user_id=12345, username=john_doe
2025-04-10 08:15:30.234 INFO    Automation: clicked element 'login_button'
2025-04-10 08:15:35.567 DEBUG   Automation: filled in text box 'username_field' with 'john_doe'
2025-04-10 08:16:01.234 WARNING Network latency detected: 250ms
2025-04-10 08:16:05.567 ERROR   Failed to process request: request_id=67890, error_code=500
2025-04-10 08:16:07.890 INFO    Request processed: request_id=67891, status=success
2025-04-10 08:16:10.123 INFO    Automation: clicked element 'submit_form'
2025-04-10 08:17:12.345 DEBUG   Cache updated: key=user_profile_12345
2025-04-10 08:18:00.678 INFO    User logout: user_id=12345, username=john_doe
2025-04-10 08:18:05.901 WARNING Disk usage at 85%
2025-04-10 08:18:10.234 DEBUG   Automation: filled in text box 'search_bar' with 'product_123'
2025-04-10 08:19:10.234 ERROR   Database query failed: query_id=11223, error=timeout
2025-04-10 08:20:15.567 INFO    System health check: status=healthy
2025-04-10 08:20:20.890 INFO    Automation: clicked element 'search_button'
2025-04-10 08:21:20.890 DEBUG   Configuration reloaded
2025-04-10 08:22:30.123 INFO    User login: user_id=67890, username=jane_smith
2025-04-10 08:22:35.456 INFO    Automation: filled in text box 'email_field' with 'jane.smith@example.com'
2025-04-10 08:23:45.456 ERROR   Authentication failed: user_id=99999, reason=invalid_credentials
2025-04-10 08:24:50.789 INFO    File uploaded: file_id=54321, user_id=67890
2025-04-10 08:25:10.234 DEBUG   Automation: clicked element 'upload_button'
2025-04-10 08:26:15.567 WARNING Memory usage high: 92% of allocated heap
2025-04-10 08:27:20.890 INFO    Automation: filled in text box 'comment_box' with 'Great product!'
2025-04-10 08:28:30.123 ERROR   File upload failed: file_id=54322, error=quota_exceeded
2025-04-10 08:29:45.456 INFO    User login: user_id=54321, username=alice_brown
2025-04-10 08:30:50.789 DEBUG   Automation: clicked element 'profile_edit'
2025-04-10 08:31:10.234 INFO    Request processed: request_id=67892, status=success
2025-04-10 08:32:15.567 WARNING Database connection pool low: 2 connections available
2025-04-10 08:33:20.890 INFO    Automation: filled in text box 'bio_field' with 'Software enthusiast'